<?xml version="1.0" encoding="utf-8"?>
<ImportLog>
	<RowImport>
		<Status>Ok</Status>
		<Type>84a12160-f59b-4ad7-a683-ea4481ac23e9</Type>
		<TypeName>Procedure</TypeName>
		<Name>WWPBaseObjects.LoadUserKeyValue</Name>
		<Errors />
		<Warnings />
		<Info />
	</RowImport>
	<RowImport>
		<Status>Ok</Status>
		<Type>84a12160-f59b-4ad7-a683-ea4481ac23e9</Type>
		<TypeName>Procedure</TypeName>
		<Name>WWPBaseObjects.SaveUserKeyValue</Name>
		<Errors />
		<Warnings />
		<Info />
	</RowImport>
	<RowImport>
		<Status>Ok</Status>
		<Type>c9584656-94b6-4ccd-890f-332d11fc2c25</Type>
		<TypeName>WebPanel</TypeName>
		<Name>WWPBaseObjects.WorkWithPlusMasterPage</Name>
		<Errors />
		<Warnings />
		<Info />
	</RowImport>
	<RowImport>
		<Status>Ok</Status>
		<Type>07135890-56fc-489b-b408-063722fa9f7d</Type>
		<TypeName>WorkWithPlus</TypeName>
		<Name>WWPBaseObjects.WorkWithPlusWorkWithPlusMasterPage</Name>
		<Errors />
		<Warnings />
		<Info />
	</RowImport>
	<RowImport>
		<Status>Ok</Status>
		<Type>2a9e9aba-d2de-4801-ae7f-5e3819222daf</Type>
		<TypeName>DataProvider</TypeName>
		<Name>WWPBaseObjects.MenuOptionsData</Name>
		<Errors />
		<Warnings />
		<Info />
	</RowImport>
</ImportLog>